/rdma/vast-rdma/vast/jazayeri/c_tang/jazlab/MLC-extension/MI/hooked_transformer.py:484: UserWarning: enable_nested_tensor is True, but self.use_nested_tensor is False because encoder_layer was not TransformerEncoderLayer
  warnings.warn(f"enable_nested_tensor is True, but self.use_nested_tensor is False because {why_not_sparsity_fast_path}")
/om2/user/c_tang/anaconda/envs/MI/lib/python3.10/site-packages/torch/nn/functional.py:5849: UserWarning: Support for mismatched key_padding_mask and attn_mask is deprecated. Use same type for both instead.
  warnings.warn(
  File output: out_models/net-HookedBIML.pt
  Episode type: algebraic+biases
  Training on cuda for 50 epochs with batch size 25
    for a total of 5000000 episode presentations
    with LR warmup ON (1st epoch)

BIML specs:
 nparams= 1393545
 nlayers_encoder= 3
 nlayers_decoder= 3
 nhead= 8
 hidden_size= 128
 dim_feedforward= 512
 act_feedforward= gelu
 dropout= 0.1
 

Setting LR=0.0000001
Epoch 1 
-------------------------------
0m 0s (- 1394m 44s) (1 0% finished) LR: 0.0000001, TrainLoss: 2.1831. 
Val Acc: 0.0000
0m 6s (- 805m 10s) (25 0% finished) LR: 0.0000061, TrainLoss: 2.1687. 
Val Acc: 1.1000
0m 20s (- 674m 47s) (100 0% finished) LR: 0.0000248, TrainLoss: 1.9059. 
Val Acc: 0.8000
0m 39s (- 655m 33s) (200 0% finished) LR: 0.0000498, TrainLoss: 1.5769. 
Val Acc: 0.0500
0m 57s (- 642m 49s) (300 0% finished) LR: 0.0000748, TrainLoss: 1.4803. 
Val Acc: 0.1500
1m 16s (- 637m 52s) (400 0% finished) LR: 0.0000998, TrainLoss: 1.4377. 
Val Acc: 0.2000
1m 35s (- 635m 58s) (500 0% finished) LR: 0.0001248, TrainLoss: 1.4124. 
Val Acc: 0.4500
1m 54s (- 633m 36s) (600 0% finished) LR: 0.0001498, TrainLoss: 1.3740. 
Val Acc: 4.7000
2m 13s (- 631m 55s) (700 0% finished) LR: 0.0001748, TrainLoss: 1.2785. 
Val Acc: 6.1000
2m 32s (- 631m 44s) (800 0% finished) LR: 0.0001998, TrainLoss: 1.2318. 
Val Acc: 5.9500
2m 50s (- 630m 9s) (900 0% finished) LR: 0.0002248, TrainLoss: 1.2027. 
Val Acc: 5.5500
3m 9s (- 629m 58s) (1000 0% finished) LR: 0.0002498, TrainLoss: 1.1850. 
Val Acc: 5.7500
3m 28s (- 628m 35s) (1100 1% finished) LR: 0.0002748, TrainLoss: 1.1781. 
Val Acc: 6.0500
3m 47s (- 627m 46s) (1200 1% finished) LR: 0.0002998, TrainLoss: 1.1647. 
Val Acc: 5.7000
4m 6s (- 627m 8s) (1300 1% finished) LR: 0.0003248, TrainLoss: 1.1657. 
Val Acc: 6.9500
4m 24s (- 626m 12s) (1400 1% finished) LR: 0.0003498, TrainLoss: 1.1568. 
Val Acc: 6.4000
4m 43s (- 625m 6s) (1500 1% finished) LR: 0.0003748, TrainLoss: 1.1498. 
Val Acc: 6.3000
5m 2s (- 624m 38s) (1600 1% finished) LR: 0.0003998, TrainLoss: 1.1487. 
Val Acc: 6.0500
5m 21s (- 624m 6s) (1700 1% finished) LR: 0.0004248, TrainLoss: 1.1459. 
Val Acc: 6.0500
5m 39s (- 623m 50s) (1800 1% finished) LR: 0.0004498, TrainLoss: 1.1410. 
Val Acc: 6.0500
5m 58s (- 622m 53s) (1900 1% finished) LR: 0.0004748, TrainLoss: 1.1331. 
Val Acc: 6.7500
6m 17s (- 622m 29s) (2000 1% finished) LR: 0.0004998, TrainLoss: 1.1349. 
Val Acc: 6.5000
6m 36s (- 622m 18s) (2100 1% finished) LR: 0.0005248, TrainLoss: 1.1360. 
Val Acc: 6.6500
6m 54s (- 621m 51s) (2200 1% finished) LR: 0.0005498, TrainLoss: 1.1328. 
Val Acc: 6.7000
7m 13s (- 621m 16s) (2300 1% finished) LR: 0.0005748, TrainLoss: 1.1299. 
Val Acc: 6.8000
7m 32s (- 621m 5s) (2400 1% finished) LR: 0.0005998, TrainLoss: 1.1309. 
Val Acc: 7.1500
7m 51s (- 620m 55s) (2500 1% finished) LR: 0.0006248, TrainLoss: 1.1304. 
Val Acc: 6.3500
8m 10s (- 620m 47s) (2600 1% finished) LR: 0.0006498, TrainLoss: 1.1238. 
Val Acc: 6.6000
8m 29s (- 620m 13s) (2700 1% finished) LR: 0.0006748, TrainLoss: 1.1237. 
Val Acc: 7.6500
8m 48s (- 619m 46s) (2800 1% finished) LR: 0.0006998, TrainLoss: 1.1254. 
Val Acc: 6.5500
9m 6s (- 619m 27s) (2900 1% finished) LR: 0.0007248, TrainLoss: 1.1242. 
Val Acc: 6.2000
9m 25s (- 619m 9s) (3000 2% finished) LR: 0.0007498, TrainLoss: 1.1248. 
Val Acc: 7.2500
9m 44s (- 618m 25s) (3100 2% finished) LR: 0.0007748, TrainLoss: 1.1199. 
Val Acc: 6.3500
10m 3s (- 618m 14s) (3200 2% finished) LR: 0.0007998, TrainLoss: 1.1196. 
Val Acc: 7.2000
10m 21s (- 617m 51s) (3300 2% finished) LR: 0.0008248, TrainLoss: 1.1155. 
Val Acc: 6.8000
10m 40s (- 617m 40s) (3400 2% finished) LR: 0.0008498, TrainLoss: 1.1199. 
Val Acc: 7.0500
10m 59s (- 617m 14s) (3500 2% finished) LR: 0.0008748, TrainLoss: 1.1197. 
Val Acc: 7.5000
11m 18s (- 616m 40s) (3600 2% finished) LR: 0.0008998, TrainLoss: 1.1166. 
Val Acc: 7.7500
11m 37s (- 616m 35s) (3700 2% finished) LR: 0.0009248, TrainLoss: 1.1103. 
Val Acc: 6.3500
11m 56s (- 616m 13s) (3800 2% finished) LR: 0.0009498, TrainLoss: 1.1143. 
Val Acc: 6.8000
12m 14s (- 615m 37s) (3900 2% finished) LR: 0.0009748, TrainLoss: 1.1133. 
Val Acc: 7.0000
12m 33s (- 615m 15s) (4000 2% finished) LR: 0.0009998, TrainLoss: 1.1128. 
Val Acc: 7.0500
> Saving model as out_models/net-HookedBIML.pt < Done. >
Epoch 2 
-------------------------------
12m 52s (- 614m 53s) (4100 2% finished) LR: 0.0010000, TrainLoss: 1.1068. 
Val Acc: 6.8500
13m 10s (- 614m 27s) (4200 2% finished) LR: 0.0010000, TrainLoss: 1.1072. 
Val Acc: 6.7500
13m 29s (- 613m 57s) (4300 2% finished) LR: 0.0010000, TrainLoss: 1.1066. 
Val Acc: 6.2000
13m 48s (- 613m 32s) (4400 2% finished) LR: 0.0010000, TrainLoss: 1.1071. 
Val Acc: 7.2500
14m 6s (- 613m 14s) (4500 2% finished) LR: 0.0010000, TrainLoss: 1.1042. 
Val Acc: 7.3000
14m 25s (- 612m 52s) (4600 2% finished) LR: 0.0010000, TrainLoss: 1.1018. 
Val Acc: 6.9500
14m 44s (- 612m 27s) (4700 2% finished) LR: 0.0010000, TrainLoss: 1.1026. 
Val Acc: 7.1000
15m 3s (- 612m 17s) (4800 2% finished) LR: 0.0010000, TrainLoss: 1.0961. 
Val Acc: 6.5500
15m 22s (- 611m 54s) (4900 2% finished) LR: 0.0010000, TrainLoss: 1.0972. 
Val Acc: 7.1500
15m 40s (- 611m 30s) (5000 2% finished) LR: 0.0010000, TrainLoss: 1.1007. 
Val Acc: 7.1500
15m 59s (- 611m 5s) (5100 3% finished) LR: 0.0010000, TrainLoss: 1.1018. 
Val Acc: 6.8500
16m 18s (- 610m 46s) (5200 3% finished) LR: 0.0010000, TrainLoss: 1.0952. 
Val Acc: 7.4000
16m 37s (- 610m 29s) (5300 3% finished) LR: 0.0010000, TrainLoss: 1.0998. 
Val Acc: 6.9500
16m 55s (- 610m 4s) (5400 3% finished) LR: 0.0010000, TrainLoss: 1.1019. 
Val Acc: 7.2000
17m 14s (- 609m 36s) (5500 3% finished) LR: 0.0010000, TrainLoss: 1.0972. 
Val Acc: 6.9000
17m 33s (- 609m 20s) (5600 3% finished) LR: 0.0010000, TrainLoss: 1.0950. 
Val Acc: 7.2000
17m 51s (- 608m 54s) (5700 3% finished) LR: 0.0010000, TrainLoss: 1.0968. 
Val Acc: 5.9500
18m 10s (- 608m 36s) (5800 3% finished) LR: 0.0010000, TrainLoss: 1.0922. 
Val Acc: 7.0000
18m 29s (- 608m 12s) (5900 3% finished) LR: 0.0010000, TrainLoss: 1.0831. 
Val Acc: 7.3500
18m 47s (- 607m 45s) (6000 3% finished) LR: 0.0010000, TrainLoss: 1.0850. 
Val Acc: 7.4000
19m 6s (- 607m 22s) (6100 3% finished) LR: 0.0010000, TrainLoss: 1.0814. 
Val Acc: 8.1500
19m 25s (- 607m 7s) (6200 3% finished) LR: 0.0010000, TrainLoss: 1.0752. 
Val Acc: 10.9000
19m 43s (- 606m 40s) (6300 3% finished) LR: 0.0010000, TrainLoss: 1.0625. 
Val Acc: 11.5000
20m 2s (- 606m 19s) (6400 3% finished) LR: 0.0010000, TrainLoss: 1.0553. 
Val Acc: 14.2000
20m 21s (- 605m 52s) (6500 3% finished) LR: 0.0010000, TrainLoss: 1.0432. 
Val Acc: 14.4000
20m 39s (- 605m 30s) (6600 3% finished) LR: 0.0010000, TrainLoss: 1.0450. 
Val Acc: 14.8000
20m 58s (- 605m 15s) (6700 3% finished) LR: 0.0010000, TrainLoss: 1.0393. 
Val Acc: 13.8000
21m 17s (- 604m 51s) (6800 3% finished) LR: 0.0010000, TrainLoss: 1.0283. 
Val Acc: 15.3500
21m 36s (- 604m 29s) (6900 3% finished) LR: 0.0010000, TrainLoss: 1.0233. 
Val Acc: 14.2000
21m 54s (- 604m 11s) (7000 4% finished) LR: 0.0010000, TrainLoss: 1.0263. 
Val Acc: 15.8500
22m 13s (- 603m 50s) (7100 4% finished) LR: 0.0010000, TrainLoss: 1.0231. 
Val Acc: 16.0500
22m 32s (- 603m 32s) (7200 4% finished) LR: 0.0010000, TrainLoss: 1.0183. 
Val Acc: 15.7500
22m 51s (- 603m 10s) (7300 4% finished) LR: 0.0010000, TrainLoss: 1.0013. 
Val Acc: 16.4000
23m 9s (- 602m 47s) (7400 4% finished) LR: 0.0010000, TrainLoss: 0.9849. 
Val Acc: 17.6000
23m 28s (- 602m 29s) (7500 4% finished) LR: 0.0010000, TrainLoss: 0.9809. 
Val Acc: 16.4000
23m 47s (- 602m 7s) (7600 4% finished) LR: 0.0010000, TrainLoss: 0.9795. 
Val Acc: 16.3500
24m 5s (- 601m 47s) (7700 4% finished) LR: 0.0010000, TrainLoss: 0.9659. 
Val Acc: 17.0000
24m 24s (- 601m 30s) (7800 4% finished) LR: 0.0010000, TrainLoss: 0.9644. 
Val Acc: 16.2000
24m 43s (- 601m 4s) (7900 4% finished) LR: 0.0010000, TrainLoss: 0.9602. 
Val Acc: 17.8500
25m 1s (- 600m 41s) (8000 4% finished) LR: 0.0010000, TrainLoss: 0.9579. 
Val Acc: 16.4500
> Saving model as out_models/net-HookedBIML.pt < Done. >
Epoch 3 
-------------------------------
25m 20s (- 600m 24s) (8100 4% finished) LR: 0.0009802, TrainLoss: 0.9468. 
Val Acc: 17.4000
25m 39s (- 599m 59s) (8200 4% finished) LR: 0.0009802, TrainLoss: 0.9444. 
Val Acc: 19.2500
25m 57s (- 599m 36s) (8300 4% finished) LR: 0.0009802, TrainLoss: 0.9401. 
Val Acc: 17.3500
26m 16s (- 599m 14s) (8400 4% finished) LR: 0.0009802, TrainLoss: 0.9316. 
Val Acc: 18.6000
26m 34s (- 598m 52s) (8500 4% finished) LR: 0.0009802, TrainLoss: 0.9204. 
Val Acc: 22.9000
26m 53s (- 598m 32s) (8600 4% finished) LR: 0.0009802, TrainLoss: 0.8952. 
Val Acc: 24.6500
27m 12s (- 598m 14s) (8700 4% finished) LR: 0.0009802, TrainLoss: 0.8687. 
Val Acc: 26.8500
27m 31s (- 597m 58s) (8800 4% finished) LR: 0.0009802, TrainLoss: 0.8332. 
Val Acc: 31.2500
27m 50s (- 597m 41s) (8900 4% finished) LR: 0.0009802, TrainLoss: 0.8134. 
Val Acc: 32.8000
28m 8s (- 597m 19s) (9000 4% finished) LR: 0.0009802, TrainLoss: 0.7693. 
Val Acc: 37.3000
28m 27s (- 597m 2s) (9100 5% finished) LR: 0.0009802, TrainLoss: 0.7309. 
Val Acc: 37.1500
28m 46s (- 596m 40s) (9200 5% finished) LR: 0.0009802, TrainLoss: 0.6993. 
Val Acc: 41.9000
29m 4s (- 596m 20s) (9300 5% finished) LR: 0.0009802, TrainLoss: 0.6599. 
Val Acc: 43.6000
29m 23s (- 596m 2s) (9400 5% finished) LR: 0.0009802, TrainLoss: 0.6419. 
Val Acc: 45.3000
29m 42s (- 595m 45s) (9500 5% finished) LR: 0.0009802, TrainLoss: 0.6216. 
Val Acc: 47.0500
30m 1s (- 595m 30s) (9600 5% finished) LR: 0.0009802, TrainLoss: 0.6021. 
Val Acc: 46.9500
30m 20s (- 595m 17s) (9700 5% finished) LR: 0.0009802, TrainLoss: 0.5874. 
Val Acc: 47.9000
30m 39s (- 594m 53s) (9800 5% finished) LR: 0.0009802, TrainLoss: 0.5751. 
Val Acc: 48.5000
30m 57s (- 594m 34s) (9900 5% finished) LR: 0.0009802, TrainLoss: 0.5584. 
Val Acc: 49.0000
31m 16s (- 594m 21s) (10000 5% finished) LR: 0.0009802, TrainLoss: 0.5458. 
Val Acc: 47.3000
31m 35s (- 594m 0s) (10100 5% finished) LR: 0.0009802, TrainLoss: 0.5449. 
Val Acc: 48.9500
31m 54s (- 593m 38s) (10200 5% finished) LR: 0.0009802, TrainLoss: 0.5297. 
Val Acc: 49.0000
32m 12s (- 593m 17s) (10300 5% finished) LR: 0.0009802, TrainLoss: 0.5224. 
Val Acc: 50.6000
32m 31s (- 592m 58s) (10400 5% finished) LR: 0.0009802, TrainLoss: 0.5189. 
Val Acc: 51.8500
32m 50s (- 592m 45s) (10500 5% finished) LR: 0.0009802, TrainLoss: 0.5098. 
Val Acc: 52.5000
33m 9s (- 592m 25s) (10600 5% finished) LR: 0.0009802, TrainLoss: 0.5045. 
Val Acc: 53.2000
33m 27s (- 592m 3s) (10700 5% finished) LR: 0.0009802, TrainLoss: 0.4943. 
Val Acc: 52.3500
33m 46s (- 591m 47s) (10800 5% finished) LR: 0.0009802, TrainLoss: 0.4920. 
Val Acc: 51.8000
34m 5s (- 591m 27s) (10900 5% finished) LR: 0.0009802, TrainLoss: 0.4868. 
Val Acc: 52.4500
34m 24s (- 591m 5s) (11000 6% finished) LR: 0.0009802, TrainLoss: 0.4824. 
Val Acc: 54.3500
34m 42s (- 590m 48s) (11100 6% finished) LR: 0.0009802, TrainLoss: 0.4757. 
Val Acc: 51.4000
35m 1s (- 590m 28s) (11200 6% finished) LR: 0.0009802, TrainLoss: 0.4806. 
Val Acc: 55.1000
35m 20s (- 590m 7s) (11300 6% finished) LR: 0.0009802, TrainLoss: 0.4629. 
Val Acc: 54.5000
35m 38s (- 589m 44s) (11400 6% finished) LR: 0.0009802, TrainLoss: 0.4627. 
Val Acc: 54.3500
35m 57s (- 589m 24s) (11500 6% finished) LR: 0.0009802, TrainLoss: 0.4643. 
Val Acc: 54.8000
36m 16s (- 589m 7s) (11600 6% finished) LR: 0.0009802, TrainLoss: 0.4606. 
Val Acc: 53.1000
36m 35s (- 588m 50s) (11700 6% finished) LR: 0.0009802, TrainLoss: 0.4549. 
Val Acc: 55.7500
36m 53s (- 588m 28s) (11800 6% finished) LR: 0.0009802, TrainLoss: 0.4515. 
Val Acc: 55.6000
37m 12s (- 588m 10s) (11900 6% finished) LR: 0.0009802, TrainLoss: 0.4532. 
Val Acc: 55.1000
37m 31s (- 587m 48s) (12000 6% finished) LR: 0.0009802, TrainLoss: 0.4466. 
Val Acc: 53.4500
> Saving model as out_models/net-HookedBIML.pt < Done. >
Epoch 4 
-------------------------------
37m 49s (- 587m 28s) (12100 6% finished) LR: 0.0009604, TrainLoss: 0.4492. 
Val Acc: 56.2000
38m 8s (- 587m 11s) (12200 6% finished) LR: 0.0009604, TrainLoss: 0.4420. 
Val Acc: 56.8000
38m 27s (- 586m 50s) (12300 6% finished) LR: 0.0009604, TrainLoss: 0.4383. 
Val Acc: 55.8000
38m 46s (- 586m 31s) (12400 6% finished) LR: 0.0009604, TrainLoss: 0.4380. 
Val Acc: 55.8000
39m 4s (- 586m 13s) (12500 6% finished) LR: 0.0009604, TrainLoss: 0.4320. 
Val Acc: 56.9000
39m 23s (- 585m 54s) (12600 6% finished) LR: 0.0009604, TrainLoss: 0.4306. 
Val Acc: 56.8000
39m 42s (- 585m 34s) (12700 6% finished) LR: 0.0009604, TrainLoss: 0.4249. 
Val Acc: 57.1500
40m 1s (- 585m 15s) (12800 6% finished) LR: 0.0009604, TrainLoss: 0.4236. 
Val Acc: 57.4000
40m 19s (- 584m 57s) (12900 6% finished) LR: 0.0009604, TrainLoss: 0.4306. 
Val Acc: 55.9500
40m 38s (- 584m 38s) (13000 6% finished) LR: 0.0009604, TrainLoss: 0.4263. 
Val Acc: 57.2500
40m 57s (- 584m 19s) (13100 7% finished) LR: 0.0009604, TrainLoss: 0.4241. 
Val Acc: 56.1000
41m 16s (- 583m 59s) (13200 7% finished) LR: 0.0009604, TrainLoss: 0.4281. 
Val Acc: 57.3500
41m 35s (- 583m 43s) (13300 7% finished) LR: 0.0009604, TrainLoss: 0.4184. 
Val Acc: 57.8500
41m 53s (- 583m 22s) (13400 7% finished) LR: 0.0009604, TrainLoss: 0.4121. 
Val Acc: 57.9500
42m 12s (- 583m 3s) (13500 7% finished) LR: 0.0009604, TrainLoss: 0.4209. 
Val Acc: 57.2000
42m 31s (- 582m 44s) (13600 7% finished) LR: 0.0009604, TrainLoss: 0.4213. 
Val Acc: 57.1000
42m 49s (- 582m 24s) (13700 7% finished) LR: 0.0009604, TrainLoss: 0.4160. 
Val Acc: 58.1000
43m 8s (- 582m 3s) (13800 7% finished) LR: 0.0009604, TrainLoss: 0.4122. 
Val Acc: 57.7000
43m 27s (- 581m 47s) (13900 7% finished) LR: 0.0009604, TrainLoss: 0.4152. 
Val Acc: 57.9500
43m 45s (- 581m 26s) (14000 7% finished) LR: 0.0009604, TrainLoss: 0.4083. 
Val Acc: 58.2000
44m 4s (- 581m 10s) (14100 7% finished) LR: 0.0009604, TrainLoss: 0.4050. 
Val Acc: 57.9500
44m 23s (- 580m 50s) (14200 7% finished) LR: 0.0009604, TrainLoss: 0.4139. 
Val Acc: 57.3500
44m 42s (- 580m 36s) (14300 7% finished) LR: 0.0009604, TrainLoss: 0.4072. 
Val Acc: 58.3000
45m 1s (- 580m 16s) (14400 7% finished) LR: 0.0009604, TrainLoss: 0.4097. 
Val Acc: 58.0500
45m 20s (- 579m 58s) (14500 7% finished) LR: 0.0009604, TrainLoss: 0.4011. 
Val Acc: 55.9500
45m 38s (- 579m 38s) (14600 7% finished) LR: 0.0009604, TrainLoss: 0.4026. 
Val Acc: 57.8000
45m 57s (- 579m 22s) (14700 7% finished) LR: 0.0009604, TrainLoss: 0.4023. 
Val Acc: 58.0500
46m 16s (- 579m 1s) (14800 7% finished) LR: 0.0009604, TrainLoss: 0.4015. 
Val Acc: 58.4000
46m 35s (- 578m 42s) (14900 7% finished) LR: 0.0009604, TrainLoss: 0.4021. 
Val Acc: 60.1000
46m 53s (- 578m 21s) (15000 8% finished) LR: 0.0009604, TrainLoss: 0.3937. 
Val Acc: 60.1000
47m 12s (- 578m 1s) (15100 8% finished) LR: 0.0009604, TrainLoss: 0.3978. 
Val Acc: 58.8000
47m 31s (- 577m 42s) (15200 8% finished) LR: 0.0009604, TrainLoss: 0.3947. 
Val Acc: 58.4500
47m 49s (- 577m 23s) (15300 8% finished) LR: 0.0009604, TrainLoss: 0.3914. 
Val Acc: 60.0500
48m 8s (- 577m 0s) (15400 8% finished) LR: 0.0009604, TrainLoss: 0.3933. 
Val Acc: 58.7500
48m 27s (- 576m 45s) (15500 8% finished) LR: 0.0009604, TrainLoss: 0.3933. 
Val Acc: 60.0000
48m 45s (- 576m 25s) (15600 8% finished) LR: 0.0009604, TrainLoss: 0.3903. 
Val Acc: 57.6500
49m 4s (- 576m 5s) (15700 8% finished) LR: 0.0009604, TrainLoss: 0.3937. 
Val Acc: 59.7000
49m 23s (- 575m 49s) (15800 8% finished) LR: 0.0009604, TrainLoss: 0.3899. 
Val Acc: 58.0000
49m 42s (- 575m 30s) (15900 8% finished) LR: 0.0009604, TrainLoss: 0.3841. 
Val Acc: 58.3500
50m 0s (- 575m 11s) (16000 8% finished) LR: 0.0009604, TrainLoss: 0.3867. 
Val Acc: 59.6000
> Saving model as out_models/net-HookedBIML.pt < Done. >
Epoch 5 
-------------------------------
50m 19s (- 574m 51s) (16100 8% finished) LR: 0.0009406, TrainLoss: 0.3904. 
Val Acc: 60.9000
50m 38s (- 574m 30s) (16200 8% finished) LR: 0.0009406, TrainLoss: 0.3889. 
Val Acc: 59.0000
50m 57s (- 574m 13s) (16300 8% finished) LR: 0.0009406, TrainLoss: 0.3820. 
Val Acc: 57.9500
51m 15s (- 573m 52s) (16400 8% finished) LR: 0.0009406, TrainLoss: 0.3862. 
Val Acc: 59.5000
51m 34s (- 573m 31s) (16500 8% finished) LR: 0.0009406, TrainLoss: 0.3791. 
Val Acc: 59.4500
51m 53s (- 573m 16s) (16600 8% finished) LR: 0.0009406, TrainLoss: 0.3838. 
Val Acc: 60.8000
52m 11s (- 572m 55s) (16700 8% finished) LR: 0.0009406, TrainLoss: 0.3820. 
Val Acc: 60.6000
52m 30s (- 572m 36s) (16800 8% finished) LR: 0.0009406, TrainLoss: 0.3778. 
Val Acc: 58.7000
52m 49s (- 572m 15s) (16900 8% finished) LR: 0.0009406, TrainLoss: 0.3770. 
Val Acc: 60.6000
53m 8s (- 571m 58s) (17000 8% finished) LR: 0.0009406, TrainLoss: 0.3815. 
Val Acc: 60.8500
53m 26s (- 571m 41s) (17100 9% finished) LR: 0.0009406, TrainLoss: 0.3788. 
Val Acc: 58.8000
53m 45s (- 571m 24s) (17200 9% finished) LR: 0.0009406, TrainLoss: 0.3794. 
Val Acc: 58.5000
54m 4s (- 571m 4s) (17300 9% finished) LR: 0.0009406, TrainLoss: 0.3753. 
Val Acc: 61.3500
54m 23s (- 570m 47s) (17400 9% finished) LR: 0.0009406, TrainLoss: 0.3753. 
Val Acc: 60.6000
54m 42s (- 570m 26s) (17500 9% finished) LR: 0.0009406, TrainLoss: 0.3717. 
Val Acc: 61.0500
55m 0s (- 570m 8s) (17600 9% finished) LR: 0.0009406, TrainLoss: 0.3768. 
Val Acc: 59.7000
55m 19s (- 569m 47s) (17700 9% finished) LR: 0.0009406, TrainLoss: 0.3780. 
Val Acc: 61.6000
55m 38s (- 569m 28s) (17800 9% finished) LR: 0.0009406, TrainLoss: 0.3802. 
Val Acc: 60.0000
55m 56s (- 569m 8s) (17900 9% finished) LR: 0.0009406, TrainLoss: 0.3673. 
Val Acc: 63.5500
56m 15s (- 568m 51s) (18000 9% finished) LR: 0.0009406, TrainLoss: 0.3697. 
Val Acc: 60.9500
56m 34s (- 568m 30s) (18100 9% finished) LR: 0.0009406, TrainLoss: 0.3659. 
Val Acc: 61.9000
56m 52s (- 568m 12s) (18200 9% finished) LR: 0.0009406, TrainLoss: 0.3665. 
Val Acc: 61.3500
57m 11s (- 567m 55s) (18300 9% finished) LR: 0.0009406, TrainLoss: 0.3729. 
Val Acc: 60.9000
57m 30s (- 567m 33s) (18400 9% finished) LR: 0.0009406, TrainLoss: 0.3617. 
Val Acc: 60.8500
57m 49s (- 567m 13s) (18500 9% finished) LR: 0.0009406, TrainLoss: 0.3639. 
Val Acc: 62.3000
58m 7s (- 566m 54s) (18600 9% finished) LR: 0.0009406, TrainLoss: 0.3578. 
Val Acc: 62.1000
58m 26s (- 566m 35s) (18700 9% finished) LR: 0.0009406, TrainLoss: 0.3608. 
Val Acc: 61.7500
58m 45s (- 566m 16s) (18800 9% finished) LR: 0.0009406, TrainLoss: 0.3626. 
Val Acc: 61.5000
59m 3s (- 565m 56s) (18900 9% finished) LR: 0.0009406, TrainLoss: 0.3641. 
Val Acc: 62.0500
59m 22s (- 565m 37s) (19000 10% finished) LR: 0.0009406, TrainLoss: 0.3586. 
Val Acc: 60.4500
59m 41s (- 565m 18s) (19100 10% finished) LR: 0.0009406, TrainLoss: 0.3592. 
Val Acc: 62.8000
59m 59s (- 564m 59s) (19200 10% finished) LR: 0.0009406, TrainLoss: 0.3586. 
Val Acc: 62.8500
60m 18s (- 564m 38s) (19300 10% finished) LR: 0.0009406, TrainLoss: 0.3531. 
Val Acc: 61.9000
60m 37s (- 564m 19s) (19400 10% finished) LR: 0.0009406, TrainLoss: 0.3597. 
Val Acc: 62.0500
60m 56s (- 564m 1s) (19500 10% finished) LR: 0.0009406, TrainLoss: 0.3547. 
Val Acc: 62.1500
61m 14s (- 563m 41s) (19600 10% finished) LR: 0.0009406, TrainLoss: 0.3560. 
Val Acc: 62.2000
61m 33s (- 563m 22s) (19700 10% finished) LR: 0.0009406, TrainLoss: 0.3510. 
Val Acc: 61.4000
61m 51s (- 563m 0s) (19800 10% finished) LR: 0.0009406, TrainLoss: 0.3555. 
Val Acc: 62.2500
62m 10s (- 562m 43s) (19900 10% finished) LR: 0.0009406, TrainLoss: 0.3485. 
Val Acc: 64.5000
62m 29s (- 562m 24s) (20000 10% finished) LR: 0.0009406, TrainLoss: 0.3515. 
Val Acc: 63.2000
> Saving model as out_models/net-HookedBIML.pt < Done. >
Epoch 6 
-------------------------------
62m 47s (- 562m 4s) (20100 10% finished) LR: 0.0009208, TrainLoss: 0.3554. 
Val Acc: 64.2500
63m 6s (- 561m 46s) (20200 10% finished) LR: 0.0009208, TrainLoss: 0.3521. 
Val Acc: 64.7000
63m 25s (- 561m 25s) (20300 10% finished) LR: 0.0009208, TrainLoss: 0.3534. 
Val Acc: 63.2500
63m 44s (- 561m 7s) (20400 10% finished) LR: 0.0009208, TrainLoss: 0.3460. 
Val Acc: 63.3000
64m 3s (- 560m 49s) (20500 10% finished) LR: 0.0009208, TrainLoss: 0.3438. 
Val Acc: 62.8000
64m 21s (- 560m 29s) (20600 10% finished) LR: 0.0009208, TrainLoss: 0.3464. 
Val Acc: 64.3500
64m 40s (- 560m 10s) (20700 10% finished) LR: 0.0009208, TrainLoss: 0.3454. 
Val Acc: 65.1500
64m 58s (- 559m 50s) (20800 10% finished) LR: 0.0009208, TrainLoss: 0.3414. 
Val Acc: 62.7500
65m 17s (- 559m 28s) (20900 10% finished) LR: 0.0009208, TrainLoss: 0.3437. 
Val Acc: 64.2500
65m 36s (- 559m 11s) (21000 10% finished) LR: 0.0009208, TrainLoss: 0.3437. 
Val Acc: 63.4500
65m 55s (- 558m 53s) (21100 11% finished) LR: 0.0009208, TrainLoss: 0.3435. 
Val Acc: 63.1500
66m 13s (- 558m 32s) (21200 11% finished) LR: 0.0009208, TrainLoss: 0.3442. 
Val Acc: 63.8000
66m 32s (- 558m 13s) (21300 11% finished) LR: 0.0009208, TrainLoss: 0.3385. 
Val Acc: 65.2000
66m 50s (- 557m 53s) (21400 11% finished) LR: 0.0009208, TrainLoss: 0.3438. 
Val Acc: 64.3500
67m 9s (- 557m 33s) (21500 11% finished) LR: 0.0009208, TrainLoss: 0.3378. 
Val Acc: 65.4000
67m 28s (- 557m 15s) (21600 11% finished) LR: 0.0009208, TrainLoss: 0.3363. 
Val Acc: 64.5000
67m 46s (- 556m 55s) (21700 11% finished) LR: 0.0009208, TrainLoss: 0.3373. 
Val Acc: 65.7000
68m 5s (- 556m 36s) (21800 11% finished) LR: 0.0009208, TrainLoss: 0.3351. 
Val Acc: 63.7500
68m 24s (- 556m 16s) (21900 11% finished) LR: 0.0009208, TrainLoss: 0.3326. 
Val Acc: 66.1500
68m 42s (- 555m 57s) (22000 11% finished) LR: 0.0009208, TrainLoss: 0.3332. 
Val Acc: 65.6000
69m 1s (- 555m 37s) (22100 11% finished) LR: 0.0009208, TrainLoss: 0.3374. 
Val Acc: 65.2000
69m 20s (- 555m 17s) (22200 11% finished) LR: 0.0009208, TrainLoss: 0.3383. 
Val Acc: 67.8000
69m 38s (- 554m 56s) (22300 11% finished) LR: 0.0009208, TrainLoss: 0.3282. 
Val Acc: 63.3500
69m 57s (- 554m 38s) (22400 11% finished) LR: 0.0009208, TrainLoss: 0.3251. 
Val Acc: 64.6500
70m 15s (- 554m 17s) (22500 11% finished) LR: 0.0009208, TrainLoss: 0.3285. 
Val Acc: 66.0000
70m 34s (- 553m 56s) (22600 11% finished) LR: 0.0009208, TrainLoss: 0.3280. 
Val Acc: 66.6500
70m 53s (- 553m 39s) (22700 11% finished) LR: 0.0009208, TrainLoss: 0.3281. 
Val Acc: 65.6500
71m 11s (- 553m 19s) (22800 11% finished) LR: 0.0009208, TrainLoss: 0.3250. 
Val Acc: 64.8500
71m 30s (- 553m 1s) (22900 11% finished) LR: 0.0009208, TrainLoss: 0.3232. 
Val Acc: 65.5000
71m 49s (- 552m 40s) (23000 12% finished) LR: 0.0009208, TrainLoss: 0.3261. 
Val Acc: 66.5000
72m 7s (- 552m 20s) (23100 12% finished) LR: 0.0009208, TrainLoss: 0.3222. 
Val Acc: 65.9500
72m 26s (- 552m 2s) (23200 12% finished) LR: 0.0009208, TrainLoss: 0.3190. 
Val Acc: 65.4000
72m 45s (- 551m 43s) (23300 12% finished) LR: 0.0009208, TrainLoss: 0.3178. 
Val Acc: 66.2000
73m 3s (- 551m 23s) (23400 12% finished) LR: 0.0009208, TrainLoss: 0.3203. 
Val Acc: 66.9000
73m 22s (- 551m 4s) (23500 12% finished) LR: 0.0009208, TrainLoss: 0.3202. 
Val Acc: 67.1000
73m 40s (- 550m 43s) (23600 12% finished) LR: 0.0009208, TrainLoss: 0.3182. 
Val Acc: 66.4000
73m 59s (- 550m 25s) (23700 12% finished) LR: 0.0009208, TrainLoss: 0.3173. 
Val Acc: 68.1000
74m 18s (- 550m 7s) (23800 12% finished) LR: 0.0009208, TrainLoss: 0.3154. 
Val Acc: 67.9000
74m 36s (- 549m 47s) (23900 12% finished) LR: 0.0009208, TrainLoss: 0.3127. 
Val Acc: 66.9000
74m 55s (- 549m 29s) (24000 12% finished) LR: 0.0009208, TrainLoss: 0.3107. 
Val Acc: 68.2000
> Saving model as out_models/net-HookedBIML.pt < Done. >
Epoch 7 
-------------------------------
75m 14s (- 549m 8s) (24100 12% finished) LR: 0.0009010, TrainLoss: 0.3138. 
Val Acc: 68.4500
75m 32s (- 548m 48s) (24200 12% finished) LR: 0.0009010, TrainLoss: 0.3111. 
Val Acc: 67.9000
75m 51s (- 548m 30s) (24300 12% finished) LR: 0.0009010, TrainLoss: 0.3099. 
Val Acc: 68.2500
76m 10s (- 548m 11s) (24400 12% finished) LR: 0.0009010, TrainLoss: 0.3066. 
Val Acc: 67.4500
76m 28s (- 547m 51s) (24500 12% finished) LR: 0.0009010, TrainLoss: 0.3060. 
Val Acc: 69.5000
76m 47s (- 547m 33s) (24600 12% finished) LR: 0.0009010, TrainLoss: 0.2995. 
Val Acc: 67.7000
77m 6s (- 547m 14s) (24700 12% finished) LR: 0.0009010, TrainLoss: 0.2999. 
Val Acc: 68.9000
77m 24s (- 546m 54s) (24800 12% finished) LR: 0.0009010, TrainLoss: 0.3029. 
Val Acc: 68.7500
77m 43s (- 546m 34s) (24900 12% finished) LR: 0.0009010, TrainLoss: 0.2977. 
Val Acc: 69.0000
78m 2s (- 546m 16s) (25000 12% finished) LR: 0.0009010, TrainLoss: 0.2953. 
Val Acc: 68.8000
78m 21s (- 545m 57s) (25100 13% finished) LR: 0.0009010, TrainLoss: 0.2935. 
Val Acc: 70.1000
78m 39s (- 545m 38s) (25200 13% finished) LR: 0.0009010, TrainLoss: 0.2947. 
Val Acc: 69.7000
78m 58s (- 545m 19s) (25300 13% finished) LR: 0.0009010, TrainLoss: 0.2905. 
Val Acc: 70.1000
79m 16s (- 544m 59s) (25400 13% finished) LR: 0.0009010, TrainLoss: 0.2833. 
Val Acc: 69.3000
79m 35s (- 544m 40s) (25500 13% finished) LR: 0.0009010, TrainLoss: 0.2877. 
Val Acc: 69.9000
79m 54s (- 544m 19s) (25600 13% finished) LR: 0.0009010, TrainLoss: 0.2858. 
Val Acc: 70.0500
80m 12s (- 544m 0s) (25700 13% finished) LR: 0.0009010, TrainLoss: 0.2850. 
Val Acc: 69.9000
80m 31s (- 543m 41s) (25800 13% finished) LR: 0.0009010, TrainLoss: 0.2809. 
Val Acc: 69.4000
80m 50s (- 543m 22s) (25900 13% finished) LR: 0.0009010, TrainLoss: 0.2784. 
Val Acc: 69.7500
81m 9s (- 543m 6s) (26000 13% finished) LR: 0.0009010, TrainLoss: 0.2786. 
Val Acc: 70.1500
81m 27s (- 542m 46s) (26100 13% finished) LR: 0.0009010, TrainLoss: 0.2775. 
Val Acc: 69.4500
81m 46s (- 542m 27s) (26200 13% finished) LR: 0.0009010, TrainLoss: 0.2699. 
Val Acc: 71.1500
82m 4s (- 542m 6s) (26300 13% finished) LR: 0.0009010, TrainLoss: 0.2694. 
Val Acc: 71.1000
82m 23s (- 541m 46s) (26400 13% finished) LR: 0.0009010, TrainLoss: 0.2707. 
Val Acc: 72.1000
82m 42s (- 541m 27s) (26500 13% finished) LR: 0.0009010, TrainLoss: 0.2664. 
Val Acc: 71.1000
83m 0s (- 541m 7s) (26600 13% finished) LR: 0.0009010, TrainLoss: 0.2612. 
Val Acc: 71.3000
83m 19s (- 540m 47s) (26700 13% finished) LR: 0.0009010, TrainLoss: 0.2646. 
Val Acc: 70.6000
83m 37s (- 540m 28s) (26800 13% finished) LR: 0.0009010, TrainLoss: 0.2592. 
Val Acc: 71.2500
83m 56s (- 540m 8s) (26900 13% finished) LR: 0.0009010, TrainLoss: 0.2595. 
Val Acc: 71.7500
84m 14s (- 539m 49s) (27000 14% finished) LR: 0.0009010, TrainLoss: 0.2563. 
Val Acc: 71.2500
84m 33s (- 539m 29s) (27100 14% finished) LR: 0.0009010, TrainLoss: 0.2553. 
Val Acc: 72.0500
84m 52s (- 539m 10s) (27200 14% finished) LR: 0.0009010, TrainLoss: 0.2544. 
Val Acc: 73.2500
85m 10s (- 538m 51s) (27300 14% finished) LR: 0.0009010, TrainLoss: 0.2502. 
Val Acc: 73.1500
85m 29s (- 538m 32s) (27400 14% finished) LR: 0.0009010, TrainLoss: 0.2508. 
Val Acc: 72.8500
85m 48s (- 538m 12s) (27500 14% finished) LR: 0.0009010, TrainLoss: 0.2458. 
Val Acc: 73.3000
86m 6s (- 537m 54s) (27600 14% finished) LR: 0.0009010, TrainLoss: 0.2471. 
Val Acc: 73.3000
86m 25s (- 537m 37s) (27700 14% finished) LR: 0.0009010, TrainLoss: 0.2427. 
Val Acc: 73.9000
86m 44s (- 537m 18s) (27800 14% finished) LR: 0.0009010, TrainLoss: 0.2403. 
Val Acc: 74.1500
87m 3s (- 536m 58s) (27900 14% finished) LR: 0.0009010, TrainLoss: 0.2387. 
Val Acc: 73.8500
87m 21s (- 536m 38s) (28000 14% finished) LR: 0.0009010, TrainLoss: 0.2387. 
Val Acc: 73.0000
> Saving model as out_models/net-HookedBIML.pt < Done. >
Epoch 8 
-------------------------------
87m 40s (- 536m 21s) (28100 14% finished) LR: 0.0008812, TrainLoss: 0.2347. 
Val Acc: 74.8000
87m 59s (- 536m 1s) (28200 14% finished) LR: 0.0008812, TrainLoss: 0.2374. 
Val Acc: 75.5000
88m 17s (- 535m 43s) (28300 14% finished) LR: 0.0008812, TrainLoss: 0.2314. 
Val Acc: 75.5000
88m 36s (- 535m 25s) (28400 14% finished) LR: 0.0008812, TrainLoss: 0.2274. 
Val Acc: 75.8000
88m 55s (- 535m 5s) (28500 14% finished) LR: 0.0008812, TrainLoss: 0.2305. 
Val Acc: 77.4500
89m 14s (- 534m 48s) (28600 14% finished) LR: 0.0008812, TrainLoss: 0.2293. 
Val Acc: 75.8000
89m 32s (- 534m 28s) (28700 14% finished) LR: 0.0008812, TrainLoss: 0.2279. 
Val Acc: 76.4500
89m 51s (- 534m 9s) (28800 14% finished) LR: 0.0008812, TrainLoss: 0.2228. 
Val Acc: 75.3000
90m 10s (- 533m 49s) (28900 14% finished) LR: 0.0008812, TrainLoss: 0.2213. 
Val Acc: 76.9000
90m 28s (- 533m 29s) (29000 14% finished) LR: 0.0008812, TrainLoss: 0.2229. 
Val Acc: 76.6000
90m 47s (- 533m 11s) (29100 15% finished) LR: 0.0008812, TrainLoss: 0.2238. 
Val Acc: 77.1000
91m 6s (- 532m 52s) (29200 15% finished) LR: 0.0008812, TrainLoss: 0.2218. 
Val Acc: 77.2500
91m 24s (- 532m 32s) (29300 15% finished) LR: 0.0008812, TrainLoss: 0.2197. 
Val Acc: 77.7500
91m 43s (- 532m 12s) (29400 15% finished) LR: 0.0008812, TrainLoss: 0.2149. 
Val Acc: 77.9500
92m 1s (- 531m 54s) (29500 15% finished) LR: 0.0008812, TrainLoss: 0.2103. 
Val Acc: 77.7000
92m 20s (- 531m 34s) (29600 15% finished) LR: 0.0008812, TrainLoss: 0.2127. 
Val Acc: 79.8500
92m 38s (- 531m 14s) (29700 15% finished) LR: 0.0008812, TrainLoss: 0.2118. 
Val Acc: 79.2500
92m 57s (- 530m 55s) (29800 15% finished) LR: 0.0008812, TrainLoss: 0.2045. 
Val Acc: 80.8500
93m 16s (- 530m 36s) (29900 15% finished) LR: 0.0008812, TrainLoss: 0.2059. 
Val Acc: 80.3000
93m 34s (- 530m 17s) (30000 15% finished) LR: 0.0008812, TrainLoss: 0.2058. 
Val Acc: 80.7000
93m 53s (- 529m 58s) (30100 15% finished) LR: 0.0008812, TrainLoss: 0.2036. 
Val Acc: 81.1500
94m 12s (- 529m 38s) (30200 15% finished) LR: 0.0008812, TrainLoss: 0.2036. 
Val Acc: 82.3000
94m 30s (- 529m 19s) (30300 15% finished) LR: 0.0008812, TrainLoss: 0.1999. 
Val Acc: 82.4500
94m 49s (- 528m 59s) (30400 15% finished) LR: 0.0008812, TrainLoss: 0.2021. 
Val Acc: 81.5500
95m 7s (- 528m 38s) (30500 15% finished) LR: 0.0008812, TrainLoss: 0.1974. 
Val Acc: 83.5500
95m 26s (- 528m 20s) (30600 15% finished) LR: 0.0008812, TrainLoss: 0.1953. 
Val Acc: 83.1500
95m 44s (- 528m 0s) (30700 15% finished) LR: 0.0008812, TrainLoss: 0.1939. 
Val Acc: 83.4500
96m 3s (- 527m 42s) (30800 15% finished) LR: 0.0008812, TrainLoss: 0.1944. 
Val Acc: 83.9000
96m 22s (- 527m 24s) (30900 15% finished) LR: 0.0008812, TrainLoss: 0.1962. 
Val Acc: 82.8000
96m 41s (- 527m 4s) (31000 16% finished) LR: 0.0008812, TrainLoss: 0.1919. 
Val Acc: 84.0000
96m 59s (- 526m 46s) (31100 16% finished) LR: 0.0008812, TrainLoss: 0.1896. 
Val Acc: 84.5000
97m 18s (- 526m 25s) (31200 16% finished) LR: 0.0008812, TrainLoss: 0.1904. 
Val Acc: 85.6500
97m 36s (- 526m 5s) (31300 16% finished) LR: 0.0008812, TrainLoss: 0.1888. 
Val Acc: 85.3000
97m 55s (- 525m 49s) (31400 16% finished) LR: 0.0008812, TrainLoss: 0.1889. 
Val Acc: 85.0500
98m 14s (- 525m 30s) (31500 16% finished) LR: 0.0008812, TrainLoss: 0.1880. 
Val Acc: 84.8000
98m 33s (- 525m 13s) (31600 16% finished) LR: 0.0008812, TrainLoss: 0.1891. 
Val Acc: 85.1500
98m 52s (- 524m 56s) (31700 16% finished) LR: 0.0008812, TrainLoss: 0.1846. 
Val Acc: 85.5000
99m 11s (- 524m 38s) (31800 16% finished) LR: 0.0008812, TrainLoss: 0.1882. 
Val Acc: 84.3000
99m 30s (- 524m 21s) (31900 16% finished) LR: 0.0008812, TrainLoss: 0.1850. 
Val Acc: 84.4500
99m 49s (- 524m 2s) (32000 16% finished) LR: 0.0008812, TrainLoss: 0.1835. 
Val Acc: 85.1000
> Saving model as out_models/net-HookedBIML.pt < Done. >
Epoch 9 
-------------------------------
100m 8s (- 523m 45s) (32100 16% finished) LR: 0.0008615, TrainLoss: 0.1847. 
Val Acc: 85.7500
100m 26s (- 523m 27s) (32200 16% finished) LR: 0.0008615, TrainLoss: 0.1759. 
Val Acc: 86.3500
100m 45s (- 523m 8s) (32300 16% finished) LR: 0.0008615, TrainLoss: 0.1760. 
Val Acc: 86.0000
101m 4s (- 522m 51s) (32400 16% finished) LR: 0.0008615, TrainLoss: 0.1805. 
Val Acc: 86.9500
101m 23s (- 522m 33s) (32500 16% finished) LR: 0.0008615, TrainLoss: 0.1748. 
Val Acc: 87.0000
101m 42s (- 522m 15s) (32600 16% finished) LR: 0.0008615, TrainLoss: 0.1775. 
Val Acc: 86.3500
102m 1s (- 521m 57s) (32700 16% finished) LR: 0.0008615, TrainLoss: 0.1772. 
Val Acc: 86.8000
102m 19s (- 521m 38s) (32800 16% finished) LR: 0.0008615, TrainLoss: 0.1746. 
Val Acc: 86.3500
102m 38s (- 521m 19s) (32900 16% finished) LR: 0.0008615, TrainLoss: 0.1780. 
Val Acc: 86.6000
102m 57s (- 521m 1s) (33000 16% finished) LR: 0.0008615, TrainLoss: 0.1718. 
Val Acc: 87.0000
103m 16s (- 520m 42s) (33100 17% finished) LR: 0.0008615, TrainLoss: 0.1728. 
Val Acc: 87.6500
103m 35s (- 520m 25s) (33200 17% finished) LR: 0.0008615, TrainLoss: 0.1728. 
Val Acc: 86.9500
103m 53s (- 520m 6s) (33300 17% finished) LR: 0.0008615, TrainLoss: 0.1739. 
Val Acc: 87.8000
104m 12s (- 519m 47s) (33400 17% finished) LR: 0.0008615, TrainLoss: 0.1732. 
Val Acc: 87.0000
104m 31s (- 519m 29s) (33500 17% finished) LR: 0.0008615, TrainLoss: 0.1692. 
Val Acc: 88.2500
104m 49s (- 519m 9s) (33600 17% finished) LR: 0.0008615, TrainLoss: 0.1712. 
Val Acc: 86.0000
105m 8s (- 518m 49s) (33700 17% finished) LR: 0.0008615, TrainLoss: 0.1738. 
Val Acc: 87.6500
105m 26s (- 518m 30s) (33800 17% finished) LR: 0.0008615, TrainLoss: 0.1690. 
Val Acc: 87.4500
105m 45s (- 518m 13s) (33900 17% finished) LR: 0.0008615, TrainLoss: 0.1705. 
Val Acc: 87.9000
106m 4s (- 517m 53s) (34000 17% finished) LR: 0.0008615, TrainLoss: 0.1669. 
Val Acc: 88.7000
106m 23s (- 517m 34s) (34100 17% finished) LR: 0.0008615, TrainLoss: 0.1689. 
Val Acc: 87.6500
106m 41s (- 517m 14s) (34200 17% finished) LR: 0.0008615, TrainLoss: 0.1693. 
Val Acc: 87.9500
107m 0s (- 516m 56s) (34300 17% finished) LR: 0.0008615, TrainLoss: 0.1696. 
Val Acc: 87.6500
107m 18s (- 516m 37s) (34400 17% finished) LR: 0.0008615, TrainLoss: 0.1688. 
Val Acc: 88.3000
107m 37s (- 516m 17s) (34500 17% finished) LR: 0.0008615, TrainLoss: 0.1674. 
Val Acc: 88.8500
107m 56s (- 515m 58s) (34600 17% finished) LR: 0.0008615, TrainLoss: 0.1691. 
Val Acc: 88.7000
108m 14s (- 515m 39s) (34700 17% finished) LR: 0.0008615, TrainLoss: 0.1624. 
Val Acc: 88.9000
108m 33s (- 515m 20s) (34800 17% finished) LR: 0.0008615, TrainLoss: 0.1673. 
Val Acc: 89.3000
108m 52s (- 515m 1s) (34900 17% finished) LR: 0.0008615, TrainLoss: 0.1657. 
Val Acc: 88.9000
109m 10s (- 514m 42s) (35000 18% finished) LR: 0.0008615, TrainLoss: 0.1650. 
Val Acc: 88.6000
109m 29s (- 514m 24s) (35100 18% finished) LR: 0.0008615, TrainLoss: 0.1643. 
Val Acc: 89.4500
109m 48s (- 514m 4s) (35200 18% finished) LR: 0.0008615, TrainLoss: 0.1662. 
Val Acc: 89.5500
110m 6s (- 513m 45s) (35300 18% finished) LR: 0.0008615, TrainLoss: 0.1631. 
Val Acc: 88.3000
110m 25s (- 513m 26s) (35400 18% finished) LR: 0.0008615, TrainLoss: 0.1672. 
Val Acc: 89.4500
110m 43s (- 513m 6s) (35500 18% finished) LR: 0.0008615, TrainLoss: 0.1617. 
Val Acc: 88.5000
111m 2s (- 512m 46s) (35600 18% finished) LR: 0.0008615, TrainLoss: 0.1612. 
Val Acc: 88.7500
111m 21s (- 512m 28s) (35700 18% finished) LR: 0.0008615, TrainLoss: 0.1658. 
Val Acc: 88.5000
111m 39s (- 512m 9s) (35800 18% finished) LR: 0.0008615, TrainLoss: 0.1637. 
Val Acc: 89.0500
111m 58s (- 511m 50s) (35900 18% finished) LR: 0.0008615, TrainLoss: 0.1574. 
Val Acc: 89.0000
112m 16s (- 511m 30s) (36000 18% finished) LR: 0.0008615, TrainLoss: 0.1606. 
Val Acc: 89.3000
> Saving model as out_models/net-HookedBIML.pt < Done. >
Epoch 10 
-------------------------------
112m 35s (- 511m 11s) (36100 18% finished) LR: 0.0008417, TrainLoss: 0.1592. 
Val Acc: 88.9500
112m 54s (- 510m 51s) (36200 18% finished) LR: 0.0008417, TrainLoss: 0.1617. 
Val Acc: 89.2000
113m 12s (- 510m 32s) (36300 18% finished) LR: 0.0008417, TrainLoss: 0.1565. 
Val Acc: 89.3500
113m 31s (- 510m 12s) (36400 18% finished) LR: 0.0008417, TrainLoss: 0.1597. 
Val Acc: 89.1000
113m 49s (- 509m 54s) (36500 18% finished) LR: 0.0008417, TrainLoss: 0.1580. 
Val Acc: 89.4500
114m 8s (- 509m 35s) (36600 18% finished) LR: 0.0008417, TrainLoss: 0.1589. 
Val Acc: 89.1500
114m 27s (- 509m 17s) (36700 18% finished) LR: 0.0008417, TrainLoss: 0.1627. 
Val Acc: 89.6000
114m 45s (- 508m 57s) (36800 18% finished) LR: 0.0008417, TrainLoss: 0.1580. 
Val Acc: 89.7000
115m 4s (- 508m 37s) (36900 18% finished) LR: 0.0008417, TrainLoss: 0.1589. 
Val Acc: 90.2000
115m 23s (- 508m 18s) (37000 18% finished) LR: 0.0008417, TrainLoss: 0.1579. 
Val Acc: 89.9500
115m 41s (- 507m 59s) (37100 19% finished) LR: 0.0008417, TrainLoss: 0.1575. 
Val Acc: 89.9500
116m 0s (- 507m 40s) (37200 19% finished) LR: 0.0008417, TrainLoss: 0.1603. 
Val Acc: 89.5500
116m 19s (- 507m 21s) (37300 19% finished) LR: 0.0008417, TrainLoss: 0.1569. 
Val Acc: 89.5500
116m 37s (- 507m 2s) (37400 19% finished) LR: 0.0008417, TrainLoss: 0.1563. 
Val Acc: 89.8500
116m 56s (- 506m 43s) (37500 19% finished) LR: 0.0008417, TrainLoss: 0.1578. 
Val Acc: 90.0000
117m 14s (- 506m 24s) (37600 19% finished) LR: 0.0008417, TrainLoss: 0.1576. 
Val Acc: 88.8500
117m 33s (- 506m 4s) (37700 19% finished) LR: 0.0008417, TrainLoss: 0.1558. 
Val Acc: 90.1500
117m 52s (- 505m 46s) (37800 19% finished) LR: 0.0008417, TrainLoss: 0.1558. 
Val Acc: 89.9500
118m 10s (- 505m 27s) (37900 19% finished) LR: 0.0008417, TrainLoss: 0.1561. 
Val Acc: 90.1000
118m 29s (- 505m 7s) (38000 19% finished) LR: 0.0008417, TrainLoss: 0.1535. 
Val Acc: 90.0500
118m 47s (- 504m 48s) (38100 19% finished) LR: 0.0008417, TrainLoss: 0.1556. 
Val Acc: 90.1000
119m 6s (- 504m 28s) (38200 19% finished) LR: 0.0008417, TrainLoss: 0.1568. 
Val Acc: 89.3000
119m 24s (- 504m 9s) (38300 19% finished) LR: 0.0008417, TrainLoss: 0.1546. 
Val Acc: 89.9000
119m 43s (- 503m 50s) (38400 19% finished) LR: 0.0008417, TrainLoss: 0.1537. 
Val Acc: 90.3000
120m 2s (- 503m 31s) (38500 19% finished) LR: 0.0008417, TrainLoss: 0.1579. 
Val Acc: 90.3500
120m 20s (- 503m 12s) (38600 19% finished) LR: 0.0008417, TrainLoss: 0.1528. 
Val Acc: 89.6500
120m 39s (- 502m 53s) (38700 19% finished) LR: 0.0008417, TrainLoss: 0.1530. 
Val Acc: 90.4500
120m 57s (- 502m 33s) (38800 19% finished) LR: 0.0008417, TrainLoss: 0.1500. 
Val Acc: 90.2000
121m 16s (- 502m 13s) (38900 19% finished) LR: 0.0008417, TrainLoss: 0.1519. 
Val Acc: 91.5500
121m 34s (- 501m 54s) (39000 20% finished) LR: 0.0008417, TrainLoss: 0.1548. 
Val Acc: 90.8000
121m 53s (- 501m 35s) (39100 20% finished) LR: 0.0008417, TrainLoss: 0.1530. 
Val Acc: 90.2000
122m 11s (- 501m 16s) (39200 20% finished) LR: 0.0008417, TrainLoss: 0.1507. 
Val Acc: 89.6000
122m 30s (- 500m 56s) (39300 20% finished) LR: 0.0008417, TrainLoss: 0.1508. 
Val Acc: 89.6000
122m 49s (- 500m 37s) (39400 20% finished) LR: 0.0008417, TrainLoss: 0.1529. 
Val Acc: 90.2000
123m 7s (- 500m 18s) (39500 20% finished) LR: 0.0008417, TrainLoss: 0.1530. 
Val Acc: 90.3500
123m 26s (- 499m 58s) (39600 20% finished) LR: 0.0008417, TrainLoss: 0.1513. 
Val Acc: 90.5000
123m 44s (- 499m 39s) (39700 20% finished) LR: 0.0008417, TrainLoss: 0.1482. 
Val Acc: 90.0000
124m 3s (- 499m 20s) (39800 20% finished) LR: 0.0008417, TrainLoss: 0.1487. 
Val Acc: 90.6500
124m 22s (- 499m 2s) (39900 20% finished) LR: 0.0008417, TrainLoss: 0.1511. 
